TN:
SF:src\presentation\helpers\http-response.js
FN:5,badRequest
FN:12,serverError
FN:18,invalidRequest
FNF:3
FNH:3
FNDA:6,badRequest
FNDA:2,serverError
FNDA:3,invalidRequest
DA:1,1
DA:2,1
DA:3,1
DA:4,1
DA:5,1
DA:6,6
DA:7,6
DA:8,6
DA:9,6
DA:10,6
DA:11,1
DA:12,1
DA:13,2
DA:14,2
DA:15,2
DA:16,2
DA:17,1
DA:18,1
DA:19,3
DA:20,3
DA:21,3
DA:22,3
DA:23,3
DA:24,1
LF:24
LH:24
BRF:0
BRH:0
end_of_record
TN:
SF:src\presentation\helpers\invalid-param-error.js
FN:2,InvalidParamError
FNF:1
FNH:1
FNDA:3,InvalidParamError
DA:1,1
DA:2,1
DA:3,3
DA:4,3
DA:5,3
DA:6,1
LF:6
LH:6
BRF:0
BRH:0
end_of_record
TN:
SF:src\presentation\helpers\missing-param-error.js
FN:2,MissingParamError
FNF:1
FNH:1
FNDA:12,MissingParamError
DA:1,1
DA:2,1
DA:3,12
DA:4,12
DA:5,12
DA:6,1
LF:6
LH:6
BRF:0
BRH:0
end_of_record
TN:
SF:src\presentation\routers\denuncia-router.js
FN:4,route
FNF:1
FNH:1
FNDA:11,route
DA:1,1
DA:2,1
DA:3,1
DA:4,1
DA:5,11
DA:6,11
DA:7,11
DA:8,11
DA:9,11
DA:10,11
DA:11,11
DA:12,11
DA:13,11
DA:14,11
DA:15,11
DA:16,11
DA:17,11
DA:18,11
DA:19,11
DA:20,11
DA:21,11
DA:22,11
DA:23,11
DA:24,11
DA:25,11
DA:26,11
DA:27,11
DA:28,11
DA:29,11
DA:30,11
DA:31,11
DA:32,11
DA:33,11
DA:34,11
DA:35,11
DA:36,11
DA:37,11
DA:38,1
LF:38
LH:38
BRF:0
BRH:0
end_of_record
